c:\cpp_code\cpp_2_6\cpp_2_6\x64\debug\vc143.pdb
c:\cpp_code\cpp_2_6\cpp_2_6\x64\debug\vc143.idb
c:\cpp_code\cpp_2_6\cpp_2_6\x64\debug\test.obj
c:\cpp_code\cpp_2_6\x64\debug\cpp_2_6.pdb
c:\cpp_code\cpp_2_6\cpp_2_6\x64\debug\cpp_2_6.tlog\cl.command.1.tlog
c:\cpp_code\cpp_2_6\cpp_2_6\x64\debug\cpp_2_6.tlog\cl.read.1.tlog
c:\cpp_code\cpp_2_6\cpp_2_6\x64\debug\cpp_2_6.tlog\cl.write.1.tlog
c:\cpp_code\cpp_2_6\cpp_2_6\x64\debug\cpp_2_6.tlog\link-cvtres.read.1.tlog
c:\cpp_code\cpp_2_6\cpp_2_6\x64\debug\cpp_2_6.tlog\link-cvtres.write.1.tlog
c:\cpp_code\cpp_2_6\cpp_2_6\x64\debug\cpp_2_6.tlog\link-rc.read.1.tlog
c:\cpp_code\cpp_2_6\cpp_2_6\x64\debug\cpp_2_6.tlog\link-rc.write.1.tlog
c:\cpp_code\cpp_2_6\cpp_2_6\x64\debug\cpp_2_6.tlog\link.18628-cvtres.read.1.tlog
c:\cpp_code\cpp_2_6\cpp_2_6\x64\debug\cpp_2_6.tlog\link.18628-cvtres.write.1.tlog
c:\cpp_code\cpp_2_6\cpp_2_6\x64\debug\cpp_2_6.tlog\link.18628-rc.read.1.tlog
c:\cpp_code\cpp_2_6\cpp_2_6\x64\debug\cpp_2_6.tlog\link.18628-rc.write.1.tlog
c:\cpp_code\cpp_2_6\cpp_2_6\x64\debug\cpp_2_6.tlog\link.18628.read.1.tlog
c:\cpp_code\cpp_2_6\cpp_2_6\x64\debug\cpp_2_6.tlog\link.18628.read.2.tlog
c:\cpp_code\cpp_2_6\cpp_2_6\x64\debug\cpp_2_6.tlog\link.18628.write.1.tlog
c:\cpp_code\cpp_2_6\cpp_2_6\x64\debug\cpp_2_6.tlog\link.command.1.tlog
c:\cpp_code\cpp_2_6\cpp_2_6\x64\debug\cpp_2_6.tlog\link.read.1.tlog
c:\cpp_code\cpp_2_6\cpp_2_6\x64\debug\cpp_2_6.tlog\link.read.2.tlog
c:\cpp_code\cpp_2_6\cpp_2_6\x64\debug\cpp_2_6.tlog\link.read.3.tlog
c:\cpp_code\cpp_2_6\cpp_2_6\x64\debug\cpp_2_6.tlog\link.write.1.tlog
